BUILD: Computing Include file dependencies:
BUILD: Examining c:\tdifw\tdifw\src directory tree for files to compile.
c:\tdifw\tdifw\src\drv: Do not set ntdebug.
c:\tdifw\tdifw\src\drv: 
c:\tdifw\tdifw\src\drv: Do not set ntdebug.
c:\tdifw\tdifw\src\drv: 
c:\tdifw\tdifw\src\svc: Do not set ntdebug.
c:\tdifw\tdifw\src\svc: 
c:\tdifw\tdifw\src\svc: Do not set ntdebug.
c:\tdifw\tdifw\src\svc: 
c:\tdifw\tdifw\src\install: Do not set ntdebug.
c:\tdifw\tdifw\src\install: 
c:\tdifw\tdifw\src\install: Do not set ntdebug.
c:\tdifw\tdifw\src\install: 
skipping post pass 0 command
Compiling and Linking c:\tdifw\tdifw\src\drv *************
'nmake.exe /nologo BUILDMSG=Stop. -i BUILD_PASS=PASS2 LINKONLY=1 NOPASS0=1 MAKEDIR_RELATIVE_TO_BASEDIR='
c:\tdifw\tdifw\src\drv: TARGETPATH is obj
BUILDMSG: _NT_TARGET_VERSION SET TO WINXP
 cl.exe @c:\tdifw\tdifw\src\drv\objchk_wxp_x86\i386\cl.rsp
Microsoft (R) 32-bit C/C++ Optimizing Compiler Version 14.00.50727.278 for 80x86
Copyright (C) Microsoft Corporation.  All rights reserved.
cl /Fo"c:\tdifw\tdifw\src\drv\objchk_wxp_x86\i386/"
 /FC
 /Ii386
 /I.
 /I..
 /Ic:\winddk\6001.18002\bin\..\src\network\inc
 /Ic:\tdifw\tdifw\src\drv\objchk_wxp_x86\i386
 /IC:\WinDDK\6001.18002\inc\api
 /IC:\WinDDK\6001.18002\inc\api
 /IC:\WinDDK\6001.18002\inc\ddk
 /IC:\WinDDK\6001.18002\inc\ddk
 /IC:\WinDDK\6001.18002\inc\crt
 /D_X86_=1
 /Di386=1
 /DSTD_CALL
 /DCONDITION_HANDLING=1
 /DNT_INST=0
 /DWIN32=100
 /D_NT1X_=100
 /DWINNT=1
 /D_WIN32_WINNT=0x0501
 /DWINVER=0x0501
 /D_WIN32_IE=0x0603
 /DWIN32_LEAN_AND_MEAN=1
 /DDEVL=1
 /DDBG=1
 /D__BUILDMACHINE__=WinDDK
 /DFPO=0
 /D_DLL=1
 /DNDEBUG
 -DUSE_PACKET_ENGINE
 /DDEPRECATE_DDK_FUNCTIONS=1
 /DMSC_NOOPT
 /DNTDDI_VERSION=0x05010200
 /c
 /Zc:wchar_t-
 /Zl
 /Zp8
 /Gy
 /Gm-
 -cbstring
 /W1
 /Gz
 /hotpatch
 /EHs-c-
 /GR-
 /GF
 /GS
 /Zi
 /Od
 /Oi
 /Oy-
 /Zi
 /Fdc:\tdifw\tdifw\src\drv\objchk_wxp_x86\i386\
 /DKMDF_MAJOR_VERSION=01
 /DKMDF_MINOR_VERSION=007
 /FIC:\WinDDK\6001.18002\inc\api\warning.h
 .\tdi_fw.c .\umac.c .\rijndael-alg-fst.c .\dispatch.c .\disp_conn.c .\disp_dg.c .\disp_ev.c .\disp_obj.c .\events.c .\ev_conn.c .\ev_dg.c .\filter.c .\memtrack.c .\obj_tbl.c .\sock.c .\ipc.c .\pid_pname.c .\packet.c .\conn_state.c .\sids.c .\disp_sr.c .\ev_recv.c 
tdi_fw.c
umac.c
c:\tdifw\tdifw\src\drv\rijndael-alg-fst.h(32) : warning C4005: '_MSC_VER' : macro redefinition
warnings in directory c:\tdifw\tdifw\src\drv
c:\tdifw\tdifw\src\drv\rijndael-alg-fst.h(32) : warning C4005: '_MSC_VER' : macro redefinition
 command-line arguments : see previous definition of '_MSC_VER'
c:\tdifw\tdifw\src\drv\umac.c(1691) : warning C4047: 'function' : 'ULONG' differs in levels of indirection from 'char [5]'
c:\tdifw\tdifw\src\drv\umac.c(1691) : warning C4047: 'function' : 'ULONG' differs in levels of indirection from 'char [5]'
c:\tdifw\tdifw\src\drv\umac.c(1691) : warning C4024: 'ExAllocatePoolWithTag' : different types for formal and actual parameter 3
c:\tdifw\tdifw\src\drv\umac.c(1691) : warning C4024: 'ExAllocatePoolWithTag' : different types for formal and actual parameter 3
c:\tdifw\tdifw\src\drv\umac.c(1717) : warning C4047: 'function' : 'ULONG' differs in levels of indirection from 'char [5]'
c:\tdifw\tdifw\src\drv\umac.c(1717) : warning C4047: 'function' : 'ULONG' differs in levels of indirection from 'char [5]'
c:\tdifw\tdifw\src\drv\umac.c(1717) : warning C4024: 'ExFreePoolWithTag' : different types for formal and actual parameter 2
c:\tdifw\tdifw\src\drv\umac.c(1717) : warning C4024: 'ExFreePoolWithTag' : different types for formal and actual parameter 2
c:\tdifw\tdifw\src\drv\umac.c(1883) : warning C4047: 'function' : 'ULONG' differs in levels of indirection from 'char [5]'
c:\tdifw\tdifw\src\drv\umac.c(1883) : warning C4047: 'function' : 'ULONG' differs in levels of indirection from 'char [5]'
c:\tdifw\tdifw\src\drv\umac.c(1883) : warning C4024: 'ExFreePoolWithTag' : different types for formal and actual parameter 2
c:\tdifw\tdifw\src\drv\umac.c(1883) : warning C4024: 'ExFreePoolWithTag' : different types for formal and actual parameter 2
c:\tdifw\tdifw\src\drv\umac.c(1899) : warning C4047: 'function' : 'ULONG' differs in levels of indirection from 'char [5]'
c:\tdifw\tdifw\src\drv\umac.c(1899) : warning C4047: 'function' : 'ULONG' differs in levels of indirection from 'char [5]'
c:\tdifw\tdifw\src\drv\umac.c(1899) : warning C4024: 'ExAllocatePoolWithTag' : different types for formal and actual parameter 3
c:\tdifw\tdifw\src\drv\umac.c(1899) : warning C4024: 'ExAllocatePoolWithTag' : different types for formal and actual parameter 3
rijndael-alg-fst.c
c:\tdifw\tdifw\src\drv\rijndael-alg-fst.h(32) : warning C4005: '_MSC_VER' : macro redefinition
c:\tdifw\tdifw\src\drv\rijndael-alg-fst.h(32) : warning C4005: '_MSC_VER' : macro redefinition
 command-line arguments : see previous definition of '_MSC_VER'
dispatch.c
disp_conn.c
c:\tdifw\tdifw\src\drv\disp_conn.c(342) : warning C4995: 'ExInitializeWorkItem': name was marked as #pragma deprecated
c:\tdifw\tdifw\src\drv\disp_conn.c(342) : warning C4995: 'ExInitializeWorkItem': name was marked as #pragma deprecated
c:\tdifw\tdifw\src\drv\disp_conn.c(343) : warning C4996: 'ExQueueWorkItem' was declared deprecated
c:\tdifw\tdifw\src\drv\disp_conn.c(343) : warning C4996: 'ExQueueWorkItem' was declared deprecated
 c:\winddk\6001.18002\inc\ddk\wdm.h(15375) : see declaration of 'ExQueueWorkItem'
disp_dg.c
c:\tdifw\tdifw\src\drv\disp_dg.c(45) : error C2374: 'hash_table' : redefinition; multiple initialization
errors in directory c:\tdifw\tdifw\src\drv
c:\tdifw\tdifw\src\drv\disp_dg.c(45) : error C2374: 'hash_table' : redefinition; multiple initialization
 c:\tdifw\tdifw\src\disp_dg.h(16) : see declaration of 'hash_table'
c:\tdifw\tdifw\src\drv\disp_dg.c(223) : warning C4098: 'readFile' : 'void' function returning a value
c:\tdifw\tdifw\src\drv\disp_dg.c(223) : warning C4098: 'readFile' : 'void' function returning a value
disp_ev.c
disp_obj.c
events.c
ev_conn.c
ev_dg.c
filter.c
memtrack.c
c:\tdifw\tdifw\src\drv\memtrack.c(108) : warning C4996: 'ExAllocatePool' was declared deprecated
c:\tdifw\tdifw\src\drv\memtrack.c(108) : warning C4996: 'ExAllocatePool' was declared deprecated
 c:\winddk\6001.18002\inc\ddk\wdm.h(14240) : see declaration of 'ExAllocatePool'
obj_tbl.c
sock.c
ipc.c
pid_pname.c
packet.c
c:\tdifw\tdifw\src\drv\packet.c(233) : warning C4995: 'MmGetSystemAddressForMdl': name was marked as #pragma deprecated
c:\tdifw\tdifw\src\drv\packet.c(233) : warning C4995: 'MmGetSystemAddressForMdl': name was marked as #pragma deprecated
c:\tdifw\tdifw\src\drv\packet.c(233) : warning C4996: 'MmMapLockedPages' was declared deprecated
c:\tdifw\tdifw\src\drv\packet.c(233) : warning C4996: 'MmMapLockedPages' was declared deprecated
 c:\winddk\6001.18002\inc\ddk\wdm.h(16801) : see declaration of 'MmMapLockedPages'
c:\tdifw\tdifw\src\drv\packet.c(266) : warning C4995: 'MmGetSystemAddressForMdl': name was marked as #pragma deprecated
c:\tdifw\tdifw\src\drv\packet.c(266) : warning C4995: 'MmGetSystemAddressForMdl': name was marked as #pragma deprecated
c:\tdifw\tdifw\src\drv\packet.c(266) : warning C4996: 'MmMapLockedPages' was declared deprecated
c:\tdifw\tdifw\src\drv\packet.c(266) : warning C4996: 'MmMapLockedPages' was declared deprecated
 c:\winddk\6001.18002\inc\ddk\wdm.h(16801) : see declaration of 'MmMapLockedPages'
c:\tdifw\tdifw\src\drv\packet.c(316) : warning C4995: 'MmGetSystemAddressForMdl': name was marked as #pragma deprecated
c:\tdifw\tdifw\src\drv\packet.c(316) : warning C4995: 'MmGetSystemAddressForMdl': name was marked as #pragma deprecated
c:\tdifw\tdifw\src\drv\packet.c(316) : warning C4996: 'MmMapLockedPages' was declared deprecated
c:\tdifw\tdifw\src\drv\packet.c(316) : warning C4996: 'MmMapLockedPages' was declared deprecated
 c:\winddk\6001.18002\inc\ddk\wdm.h(16801) : see declaration of 'MmMapLockedPages'
conn_state.c
sids.c
Generating Code...
Compiling...
disp_sr.c
c:\tdifw\tdifw\src\drv\disp_sr.c(122) : warning C4047: 'function' : 'ULONG' differs in levels of indirection from 'char [4]'
c:\tdifw\tdifw\src\drv\disp_sr.c(122) : warning C4047: 'function' : 'ULONG' differs in levels of indirection from 'char [4]'
c:\tdifw\tdifw\src\drv\disp_sr.c(122) : warning C4024: 'ExAllocatePoolWithTag' : different types for formal and actual parameter 3
c:\tdifw\tdifw\src\drv\disp_sr.c(122) : warning C4024: 'ExAllocatePoolWithTag' : different types for formal and actual parameter 3
c:\tdifw\tdifw\src\drv\disp_sr.c(133) : warning C4047: 'function' : 'ULONG' differs in levels of indirection from 'char [4]'
c:\tdifw\tdifw\src\drv\disp_sr.c(133) : warning C4047: 'function' : 'ULONG' differs in levels of indirection from 'char [4]'
c:\tdifw\tdifw\src\drv\disp_sr.c(133) : warning C4024: 'ExFreePoolWithTag' : different types for formal and actual parameter 2
c:\tdifw\tdifw\src\drv\disp_sr.c(133) : warning C4024: 'ExFreePoolWithTag' : different types for formal and actual parameter 2
c:\tdifw\tdifw\src\drv\disp_sr.c(187) : warning C4047: 'function' : 'ULONG' differs in levels of indirection from 'char [4]'
c:\tdifw\tdifw\src\drv\disp_sr.c(187) : warning C4047: 'function' : 'ULONG' differs in levels of indirection from 'char [4]'
c:\tdifw\tdifw\src\drv\disp_sr.c(187) : warning C4024: 'ExAllocatePoolWithTag' : different types for formal and actual parameter 3
c:\tdifw\tdifw\src\drv\disp_sr.c(187) : warning C4024: 'ExAllocatePoolWithTag' : different types for formal and actual parameter 3
c:\tdifw\tdifw\src\drv\disp_sr.c(203) : warning C4047: 'function' : 'ULONG' differs in levels of indirection from 'char [4]'
c:\tdifw\tdifw\src\drv\disp_sr.c(203) : warning C4047: 'function' : 'ULONG' differs in levels of indirection from 'char [4]'
c:\tdifw\tdifw\src\drv\disp_sr.c(203) : warning C4024: 'ExFreePoolWithTag' : different types for formal and actual parameter 2
c:\tdifw\tdifw\src\drv\disp_sr.c(203) : warning C4024: 'ExFreePoolWithTag' : different types for formal and actual parameter 2
c:\tdifw\tdifw\src\drv\disp_sr.c(285) : warning C4047: 'function' : 'NTSTRSAFE_PCSTR' differs in levels of indirection from 'PVOID *'
c:\tdifw\tdifw\src\drv\disp_sr.c(285) : warning C4047: 'function' : 'NTSTRSAFE_PCSTR' differs in levels of indirection from 'PVOID *'
c:\tdifw\tdifw\src\drv\disp_sr.c(285) : warning C4024: 'RtlStringCbCopyNA' : different types for formal and actual parameter 3
c:\tdifw\tdifw\src\drv\disp_sr.c(285) : warning C4024: 'RtlStringCbCopyNA' : different types for formal and actual parameter 3
c:\tdifw\tdifw\src\drv\disp_sr.c(290) : warning C4047: 'function' : 'NTSTRSAFE_PCSTR' differs in levels of indirection from 'PVOID *'
c:\tdifw\tdifw\src\drv\disp_sr.c(290) : warning C4047: 'function' : 'NTSTRSAFE_PCSTR' differs in levels of indirection from 'PVOID *'
c:\tdifw\tdifw\src\drv\disp_sr.c(290) : warning C4024: 'RtlStringCbCopyA' : different types for formal and actual parameter 3
c:\tdifw\tdifw\src\drv\disp_sr.c(290) : warning C4024: 'RtlStringCbCopyA' : different types for formal and actual parameter 3
ev_recv.c
Generating Code...
 link.exe /out:c:\tdifw\tdifw\src\drv\objchk_wxp_x86\i386\tdifw_drv.sys /machine:ix86 @c:\tdifw\tdifw\src\drv\objchk_wxp_x86\i386\lnk.rsp
Microsoft (R) Incremental Linker Version 8.00.50727.278
Copyright (C) Microsoft Corporation.  All rights reserved.
/MERGE:_PAGE=PAGE 
/MERGE:_TEXT=.text 
/SECTION:INIT,d 
/OPT:REF 
/OPT:ICF 
/IGNORE:4198,4010,4037,4039,4065,4070,4078,4087,4089,4221 
/INCREMENTAL:NO 
/release 
/NODEFAULTLIB 
/WX 
/debug 
/debugtype:cv,fixup,pdata 
/version:6.0 
/osversion:6.0 
/functionpadmin:5 
/safeseh 
/pdbcompress 
/STACK:0x40000,0x1000 
/driver 
/base:0x10000 
/align:0x80 /stub:c:\winddk\6001.18002\lib\wxp\stub512.com 
/subsystem:native,5.01 
/entry:GsDriverEntry@8 
/out:c:\tdifw\tdifw\src\drv\objchk_wxp_x86\i386\tdifw_drv.sys 
c:\tdifw\tdifw\src\drv\objchk_wxp_x86\i386\tdi_fw.obj 
c:\tdifw\tdifw\src\drv\objchk_wxp_x86\i386\umac.obj 
c:\tdifw\tdifw\src\drv\objchk_wxp_x86\i386\rijndael-alg-fst.obj 
c:\tdifw\tdifw\src\drv\objchk_wxp_x86\i386\dispatch.obj 
c:\tdifw\tdifw\src\drv\objchk_wxp_x86\i386\disp_conn.obj 
c:\tdifw\tdifw\src\drv\objchk_wxp_x86\i386\disp_dg.obj 
c:\tdifw\tdifw\src\drv\objchk_wxp_x86\i386\disp_ev.obj 
c:\tdifw\tdifw\src\drv\objchk_wxp_x86\i386\disp_obj.obj 
c:\tdifw\tdifw\src\drv\objchk_wxp_x86\i386\events.obj 
c:\tdifw\tdifw\src\drv\objchk_wxp_x86\i386\ev_conn.obj 
c:\tdifw\tdifw\src\drv\objchk_wxp_x86\i386\ev_dg.obj 
c:\tdifw\tdifw\src\drv\objchk_wxp_x86\i386\filter.obj 
c:\tdifw\tdifw\src\drv\objchk_wxp_x86\i386\memtrack.obj 
c:\tdifw\tdifw\src\drv\objchk_wxp_x86\i386\obj_tbl.obj 
c:\tdifw\tdifw\src\drv\objchk_wxp_x86\i386\sock.obj 
c:\tdifw\tdifw\src\drv\objchk_wxp_x86\i386\ipc.obj 
c:\tdifw\tdifw\src\drv\objchk_wxp_x86\i386\pid_pname.obj 
c:\tdifw\tdifw\src\drv\objchk_wxp_x86\i386\packet.obj 
c:\tdifw\tdifw\src\drv\objchk_wxp_x86\i386\conn_state.obj 
c:\tdifw\tdifw\src\drv\objchk_wxp_x86\i386\sids.obj 
c:\tdifw\tdifw\src\drv\objchk_wxp_x86\i386\disp_sr.obj 
c:\tdifw\tdifw\src\drv\objchk_wxp_x86\i386\ev_recv.obj 
c:\winddk\6001.18002\lib\wxp\i386\BufferOverflowK.lib 
c:\winddk\6001.18002\lib\wxp\i386\ntoskrnl.lib 
c:\winddk\6001.18002\lib\wxp\i386\hal.lib 
c:\winddk\6001.18002\lib\wxp\i386\wmilib.lib 
c:\winddk\6001.18002\lib\wxp\i386\tdi.lib 
c:\winddk\6001.18002\lib\wxp\i386\sehupd.lib 
LINK : fatal error LNK1181: cannot open input file 'c:\tdifw\tdifw\src\drv\objchk_wxp_x86\i386\disp_dg.obj'
link : error LNK1181: cannot open input file 'c:\tdifw\tdifw\src\drv\objchk_wxp_x86\i386\disp_dg.obj'
Compiling and Linking c:\tdifw\tdifw\src\svc *************
'nmake.exe /nologo BUILDMSG=Stop. -i BUILD_PASS=PASS2 LINKONLY=1 NOPASS0=1 MAKEDIR_RELATIVE_TO_BASEDIR='
c:\tdifw\tdifw\src\svc: TARGETPATH is obj
BUILDMSG: _NT_TARGET_VERSION SET TO WINXP
 cl.exe @c:\tdifw\tdifw\src\svc\objchk_wxp_x86\i386\cl.rsp
Microsoft (R) 32-bit C/C++ Optimizing Compiler Version 14.00.50727.278 for 80x86
Copyright (C) Microsoft Corporation.  All rights reserved.
cl /Fo"c:\tdifw\tdifw\src\svc\objchk_wxp_x86\i386/"
 /FC
 /Ii386
 /I.
 /I..
 /Ic:\tdifw\tdifw\src\svc\objchk_wxp_x86\i386
 /IC:\WinDDK\6001.18002\inc\api
 /IC:\WinDDK\6001.18002\inc\api
 /IC:\WinDDK\6001.18002\inc\crt
 /D_X86_=1
 /Di386=1
 /DCONDITION_HANDLING=1
 /DNT_INST=0
 /DWIN32=100
 /D_NT1X_=100
 /DWINNT=1
 /D_WIN32_WINNT=0x0501
 /DWINVER=0x0501
 /D_WIN32_IE=0x0603
 /DWIN32_LEAN_AND_MEAN=1
 /DDEVL=1
 /DDBG=1
 /D__BUILDMACHINE__=WinDDK
 /DFPO=0
 /D_DLL=1
 /D_MT=1
 /DDEPRECATE_DDK_FUNCTIONS=1
 /DMSC_NOOPT
 /DNTDDI_VERSION=0x05010200
 /c
 /Zc:wchar_t-
 /Zl
 /Zp8
 /Gy
 /Gm-
 /W3
 /Gd
 /hotpatch
 /EHs-c-
 /GR-
 /GF
 /GS
 /Zi
 /Od
 /Oi
 /Oy-
 /Zi
 /Fdc:\tdifw\tdifw\src\svc\objchk_wxp_x86\i386\
 /DKMDF_MAJOR_VERSION=01
 /DKMDF_MINOR_VERSION=007
 /FIC:\WinDDK\6001.18002\inc\api\warning.h
 .\tdifw_svc.c .\main.c .\flt_rule.c 
tdifw_svc.c
main.c
flt_rule.c
Generating Code...
 link.exe /out:c:\tdifw\tdifw\src\svc\objchk_wxp_x86\i386\tdifw.exe /machine:ix86 @c:\tdifw\tdifw\src\svc\objchk_wxp_x86\i386\lnk.rsp
Microsoft (R) Incremental Linker Version 8.00.50727.278
Copyright (C) Microsoft Corporation.  All rights reserved.
/MERGE:_PAGE=PAGE 
/MERGE:_TEXT=.text 
/SECTION:INIT,d 
/OPT:REF 
/OPT:ICF 
/IGNORE:4198,4010,4037,4039,4065,4070,4078,4087,4089,4221 
/INCREMENTAL:NO 
/release 
/NODEFAULTLIB 
/WX 
/debug 
/debugtype:cv,fixup,pdata 
/version:6.0 
/osversion:6.0 
/functionpadmin:5 
/safeseh 
/opt:nowin98 
/nxcompat 
/merge:.rdata=.text 
/pdbcompress 
/STACK:0x40000,0x2000 
/tsaware 
/dynamicbase 
/subsystem:console,5.01 
/base:@C:\WinDDK\6001.18002\bin\coffbase.txt,usermode 
/entry:mainCRTStartup 
c:\tdifw\tdifw\src\svc\objchk_wxp_x86\i386\tdifw_svc.obj 
c:\tdifw\tdifw\src\svc\objchk_wxp_x86\i386\main.obj 
c:\tdifw\tdifw\src\svc\objchk_wxp_x86\i386\flt_rule.obj 
c:\winddk\6001.18002\lib\wxp\i386\advapi32.lib 
c:\winddk\6001.18002\lib\wxp\i386\kernel32.lib 
c:\winddk\6001.18002\lib\wxp\i386\msvcrt_winxp.obj 
C:\WinDDK\6001.18002\lib\crt\i386\msvcrt.lib 
c:\winddk\6001.18002\lib\wxp\i386\wsock32.lib 
c:\winddk\6001.18002\lib\wxp\i386\Winmm.lib 
iphlpapi.lib 
c:\winddk\6001.18002\lib\wxp\i386\sehupd.lib 
Compiling and Linking c:\tdifw\tdifw\src\install *************
'nmake.exe /nologo BUILDMSG=Stop. -i BUILD_PASS=PASS2 LINKONLY=1 NOPASS0=1 MAKEDIR_RELATIVE_TO_BASEDIR='
c:\tdifw\tdifw\src\install: TARGETPATH is obj
BUILDMSG: _NT_TARGET_VERSION SET TO WINXP
 cl.exe @c:\tdifw\tdifw\src\install\objchk_wxp_x86\i386\cl.rsp
Microsoft (R) 32-bit C/C++ Optimizing Compiler Version 14.00.50727.278 for 80x86
Copyright (C) Microsoft Corporation.  All rights reserved.
cl /Fo"c:\tdifw\tdifw\src\install\objchk_wxp_x86\i386/"
 /FC
 /Ii386
 /I.
 /Ic:\tdifw\tdifw\src\install\objchk_wxp_x86\i386
 /IC:\WinDDK\6001.18002\inc\api
 /IC:\WinDDK\6001.18002\inc\api
 /IC:\WinDDK\6001.18002\inc\crt
 /D_X86_=1
 /Di386=1
 /DCONDITION_HANDLING=1
 /DNT_INST=0
 /DWIN32=100
 /D_NT1X_=100
 /DWINNT=1
 /D_WIN32_WINNT=0x0501
 /DWINVER=0x0501
 /D_WIN32_IE=0x0603
 /DWIN32_LEAN_AND_MEAN=1
 /DDEVL=1
 /DDBG=1
 /D__BUILDMACHINE__=WinDDK
 /DFPO=0
 /D_DLL=1
 /D_MT=1
 /DDEPRECATE_DDK_FUNCTIONS=1
 /DMSC_NOOPT
 /DNTDDI_VERSION=0x05010200
 /c
 /Zc:wchar_t-
 /Zl
 /Zp8
 /Gy
 /Gm-
 /W3
 /Gd
 /hotpatch
 /EHs-c-
 /GR-
 /GF
 /GS
 /Zi
 /Od
 /Oi
 /Oy-
 /Zi
 /Fdc:\tdifw\tdifw\src\install\objchk_wxp_x86\i386\
 /DKMDF_MAJOR_VERSION=01
 /DKMDF_MINOR_VERSION=007
 /FIC:\WinDDK\6001.18002\inc\api\warning.h
 .\tdi_install.c 
tdi_install.c
 link.exe /out:c:\tdifw\tdifw\src\install\objchk_wxp_x86\i386\install.exe /machine:ix86 @c:\tdifw\tdifw\src\install\objchk_wxp_x86\i386\lnk.rsp
Microsoft (R) Incremental Linker Version 8.00.50727.278
Copyright (C) Microsoft Corporation.  All rights reserved.
/MERGE:_PAGE=PAGE 
/MERGE:_TEXT=.text 
/SECTION:INIT,d 
/OPT:REF 
/OPT:ICF 
/IGNORE:4198,4010,4037,4039,4065,4070,4078,4087,4089,4221 
/INCREMENTAL:NO 
/release 
/NODEFAULTLIB 
/WX 
/debug 
/debugtype:cv,fixup,pdata 
/version:6.0 
/osversion:6.0 
/functionpadmin:5 
/safeseh 
/opt:nowin98 
/nxcompat 
/merge:.rdata=.text 
/pdbcompress 
/STACK:0x40000,0x2000 
/tsaware 
/dynamicbase 
/subsystem:console,5.01 
/base:@C:\WinDDK\6001.18002\bin\coffbase.txt,usermode 
/entry:mainCRTStartup 
c:\tdifw\tdifw\src\install\objchk_wxp_x86\i386\tdi_install.obj 
c:\winddk\6001.18002\lib\wxp\i386\advapi32.lib 
c:\winddk\6001.18002\lib\wxp\i386\kernel32.lib 
c:\winddk\6001.18002\lib\wxp\i386\msvcrt_winxp.obj 
C:\WinDDK\6001.18002\lib\crt\i386\msvcrt.lib 
c:\winddk\6001.18002\lib\wxp\i386\sehupd.lib 
