BUILD: Computing Include file dependencies:
BUILD: Examining c:\tdifw\passthru directory for files to compile.
skipping post pass 0 command
Compiling and Linking c:\tdifw\passthru *************
'nmake.exe /nologo BUILDMSG=Stop. -i BUILD_PASS=PASS2 LINKONLY=1 NOPASS0=1 MAKEDIR_RELATIVE_TO_BASEDIR='
BUILDMSG: _NT_TARGET_VERSION SET TO WINXP
 cl.exe @c:\tdifw\passthru\objchk_wxp_x86\i386\cl.rsp
Microsoft (R) 32-bit C/C++ Optimizing Compiler Version 14.00.50727.278 for 80x86
Copyright (C) Microsoft Corporation.  All rights reserved.
cl /Fo"c:\tdifw\passthru\objchk_wxp_x86\i386/"
 /FC
 /Ii386
 /I.
 /Ic:\tdifw\passthru\objchk_wxp_x86\i386
 /IC:\WinDDK\6001.18002\inc\api
 /IC:\WinDDK\6001.18002\inc\api
 /IC:\WinDDK\6001.18002\inc\ddk
 /IC:\WinDDK\6001.18002\inc\ddk
 /IC:\WinDDK\6001.18002\inc\crt
 /D_X86_=1
 /Di386=1
 /DSTD_CALL
 /DCONDITION_HANDLING=1
 /DNT_INST=0
 /DWIN32=100
 /D_NT1X_=100
 /DWINNT=1
 /D_WIN32_WINNT=0x0501
 /DWINVER=0x0501
 /D_WIN32_IE=0x0603
 /DWIN32_LEAN_AND_MEAN=1
 /DDEVL=1
 /DDBG=1
 /D__BUILDMACHINE__=WinDDK
 /DFPO=0
 /D_DLL=1
 /DNDEBUG
 -DNDIS_MINIPORT_DRIVER
 -DNDIS_WDM=1
 -DNDIS51_MINIPORT=1
 -DNDIS51=1
 /DDEPRECATE_DDK_FUNCTIONS=1
 /DMSC_NOOPT
 /DNTDDI_VERSION=0x05010200
 /c
 /Zc:wchar_t-
 /Zl
 /Zp8
 /Gy
 /Gm-
 -cbstring
 /W1
 /Gz
 /hotpatch
 /EHs-c-
 /GR-
 /GF
 /GS
 /Zi
 /Od
 /Oi
 /Oy-
 /Zi
 /Fdc:\tdifw\passthru\objchk_wxp_x86\i386\
 /DKMDF_MAJOR_VERSION=01
 /DKMDF_MINOR_VERSION=007
 /FIC:\WinDDK\6001.18002\inc\api\warning.h
 .\miniport.c 
miniport.c
c:\tdifw\passthru\miniport.c(682) : warning C4047: 'function' : 'ULONG' differs in levels of indirection from 'char [4]'
warnings in directory c:\tdifw\passthru
c:\tdifw\passthru\miniport.c(682) : warning C4047: 'function' : 'ULONG' differs in levels of indirection from 'char [4]'
c:\tdifw\passthru\miniport.c(682) : warning C4024: 'ExAllocatePoolWithTag' : different types for formal and actual parameter 3
c:\tdifw\passthru\miniport.c(682) : warning C4024: 'ExAllocatePoolWithTag' : different types for formal and actual parameter 3
c:\tdifw\passthru\miniport.c(690) : warning C4047: 'function' : 'ULONG' differs in levels of indirection from 'char [4]'
c:\tdifw\passthru\miniport.c(690) : warning C4047: 'function' : 'ULONG' differs in levels of indirection from 'char [4]'
c:\tdifw\passthru\miniport.c(690) : warning C4024: 'ExFreePoolWithTag' : different types for formal and actual parameter 2
c:\tdifw\passthru\miniport.c(690) : warning C4024: 'ExFreePoolWithTag' : different types for formal and actual parameter 2
c:\tdifw\passthru\miniport.c(696) : warning C4047: 'function' : 'ULONG' differs in levels of indirection from 'char [4]'
c:\tdifw\passthru\miniport.c(696) : warning C4047: 'function' : 'ULONG' differs in levels of indirection from 'char [4]'
c:\tdifw\passthru\miniport.c(696) : warning C4024: 'ExFreePoolWithTag' : different types for formal and actual parameter 2
c:\tdifw\passthru\miniport.c(696) : warning C4024: 'ExFreePoolWithTag' : different types for formal and actual parameter 2
c:\tdifw\passthru\miniport.c(710) : warning C4047: 'function' : 'ULONG' differs in levels of indirection from 'char [4]'
c:\tdifw\passthru\miniport.c(710) : warning C4047: 'function' : 'ULONG' differs in levels of indirection from 'char [4]'
c:\tdifw\passthru\miniport.c(710) : warning C4024: 'ExFreePoolWithTag' : different types for formal and actual parameter 2
c:\tdifw\passthru\miniport.c(710) : warning C4024: 'ExFreePoolWithTag' : different types for formal and actual parameter 2
c:\tdifw\passthru\miniport.c(716) : warning C4047: 'function' : 'ULONG' differs in levels of indirection from 'char [5]'
c:\tdifw\passthru\miniport.c(716) : warning C4047: 'function' : 'ULONG' differs in levels of indirection from 'char [5]'
c:\tdifw\passthru\miniport.c(716) : warning C4024: 'ExFreePoolWithTag' : different types for formal and actual parameter 2
c:\tdifw\passthru\miniport.c(716) : warning C4024: 'ExFreePoolWithTag' : different types for formal and actual parameter 2
c:\tdifw\passthru\miniport.c(728) : warning C4047: 'function' : 'ULONG' differs in levels of indirection from 'char [4]'
c:\tdifw\passthru\miniport.c(728) : warning C4047: 'function' : 'ULONG' differs in levels of indirection from 'char [4]'
c:\tdifw\passthru\miniport.c(728) : warning C4024: 'ExAllocatePoolWithTag' : different types for formal and actual parameter 3
c:\tdifw\passthru\miniport.c(728) : warning C4024: 'ExAllocatePoolWithTag' : different types for formal and actual parameter 3
c:\tdifw\passthru\miniport.c(732) : warning C4047: 'function' : 'ULONG' differs in levels of indirection from 'char [4]'
c:\tdifw\passthru\miniport.c(732) : warning C4047: 'function' : 'ULONG' differs in levels of indirection from 'char [4]'
c:\tdifw\passthru\miniport.c(732) : warning C4024: 'ExFreePoolWithTag' : different types for formal and actual parameter 2
c:\tdifw\passthru\miniport.c(732) : warning C4024: 'ExFreePoolWithTag' : different types for formal and actual parameter 2
c:\tdifw\passthru\miniport.c(870) : warning C4047: 'function' : 'ULONG' differs in levels of indirection from 'char [4]'
c:\tdifw\passthru\miniport.c(870) : warning C4047: 'function' : 'ULONG' differs in levels of indirection from 'char [4]'
c:\tdifw\passthru\miniport.c(870) : warning C4024: 'ExFreePoolWithTag' : different types for formal and actual parameter 2
c:\tdifw\passthru\miniport.c(870) : warning C4024: 'ExFreePoolWithTag' : different types for formal and actual parameter 2
c:\tdifw\passthru\miniport.c(876) : warning C4047: 'function' : 'ULONG' differs in levels of indirection from 'char [5]'
c:\tdifw\passthru\miniport.c(876) : warning C4047: 'function' : 'ULONG' differs in levels of indirection from 'char [5]'
c:\tdifw\passthru\miniport.c(876) : warning C4024: 'ExFreePoolWithTag' : different types for formal and actual parameter 2
c:\tdifw\passthru\miniport.c(876) : warning C4024: 'ExFreePoolWithTag' : different types for formal and actual parameter 2
 link.exe /out:c:\tdifw\passthru\objchk_wxp_x86\i386\passthru.sys /machine:ix86 @c:\tdifw\passthru\objchk_wxp_x86\i386\lnk.rsp
Microsoft (R) Incremental Linker Version 8.00.50727.278
Copyright (C) Microsoft Corporation.  All rights reserved.
/MERGE:_PAGE=PAGE 
/MERGE:_TEXT=.text 
/SECTION:INIT,d 
/OPT:REF 
/OPT:ICF 
/IGNORE:4198,4010,4037,4039,4065,4070,4078,4087,4089,4221 
/INCREMENTAL:NO 
/release 
/NODEFAULTLIB 
/WX 
/debug 
/debugtype:cv,fixup,pdata 
/version:6.0 
/osversion:6.0 
/functionpadmin:5 
/safeseh 
/pdbcompress 
/STACK:0x40000,0x1000 
/driver 
/base:0x10000 
/align:0x80 /stub:c:\winddk\6001.18002\lib\wxp\stub512.com 
/subsystem:native,5.01 
/entry:GsDriverEntry@8 
/out:c:\tdifw\passthru\objchk_wxp_x86\i386\passthru.sys 
c:\tdifw\passthru\objchk_wxp_x86\i386\passthru.res 
c:\tdifw\passthru\objchk_wxp_x86\i386\miniport.obj 
c:\tdifw\passthru\objchk_wxp_x86\i386\passthru.obj 
c:\tdifw\passthru\objchk_wxp_x86\i386\protocol.obj 
c:\tdifw\passthru\objchk_wxp_x86\i386\umac.obj 
c:\tdifw\passthru\objchk_wxp_x86\i386\rijndael-alg-fst.obj 
c:\winddk\6001.18002\lib\wxp\i386\BufferOverflowK.lib 
c:\winddk\6001.18002\lib\wxp\i386\ntoskrnl.lib 
c:\winddk\6001.18002\lib\wxp\i386\hal.lib 
c:\winddk\6001.18002\lib\wxp\i386\wmilib.lib 
c:\winddk\6001.18002\lib\wxp\i386\ndis.lib 
c:\winddk\6001.18002\lib\wxp\i386\sehupd.lib 
